[debug] [2022-07-25T19:02:51.232Z] ----------------------------------------------------------------------
[debug] [2022-07-25T19:02:51.235Z] Command:       C:\Program Files\nodejs\node.exe C:\Users\prati\AppData\Roaming\npm\node_modules\firebase-tools\lib\bin\firebase.js init
[debug] [2022-07-25T19:02:51.236Z] CLI Version:   11.3.0
[debug] [2022-07-25T19:02:51.236Z] Platform:      win32
[debug] [2022-07-25T19:02:51.236Z] Node Version:  v16.13.1
[debug] [2022-07-25T19:02:51.237Z] Time:          Tue Jul 26 2022 00:32:51 GMT+0530 (India Standard Time)
[debug] [2022-07-25T19:02:51.237Z] ----------------------------------------------------------------------
[debug] 
[debug] [2022-07-25T19:02:51.240Z] >>> [apiv2][query] GET https://firebase-public.firebaseio.com/cli.json [none]
[debug] [2022-07-25T19:02:51.264Z] > command requires scopes: ["email","openid","https://www.googleapis.com/auth/cloudplatformprojects.readonly","https://www.googleapis.com/auth/firebase","https://www.googleapis.com/auth/cloud-platform"]
[debug] [2022-07-25T19:02:51.264Z] > authorizing via signed-in user (pratikatripathi1221@gmail.com)
[info] 
     ######## #### ########  ######## ########     ###     ######  ########
     ##        ##  ##     ## ##       ##     ##  ##   ##  ##       ##
     ######    ##  ########  ######   ########  #########  ######  ######
     ##        ##  ##    ##  ##       ##     ## ##     ##       ## ##
     ##       #### ##     ## ######## ########  ##     ##  ######  ########

You're about to initialize a Firebase project in this directory:

  C:\Users\prati\OneDrive\Desktop\FireChat\firechat\firechat

[debug] [2022-07-25T19:02:52.078Z] <<< [apiv2][status] GET https://firebase-public.firebaseio.com/cli.json 200
[debug] [2022-07-25T19:02:52.078Z] <<< [apiv2][body] GET https://firebase-public.firebaseio.com/cli.json {"cloudBuildErrorAfter":1594252800000,"cloudBuildWarnAfter":1590019200000,"defaultNode10After":1594252800000,"minVersion":"3.0.5","node8DeploysDisabledAfter":1613390400000,"node8RuntimeDisabledAfter":1615809600000,"node8WarnAfter":1600128000000}
[info] 
=== Project Setup
[info] 
[info] First, let's associate this project directory with a Firebase project.
[info] You can create multiple project aliases by running firebase use --add, 
[info] but for now we'll just set up a default project.
[info] 
[debug] [2022-07-25T20:27:40.248Z] Error: kill ENOSYS
    at process.kill (node:internal/process/per_thread:215:13)
    at process.listener (C:\Users\prati\AppData\Roaming\npm\node_modules\firebase-tools\node_modules\signal-exit\index.js:95:15)
    at process.emit (node:events:390:28)
[error] 
[error] Error: An unexpected error has occurred.
